<?xml version="1.0" encoding="UTF-8"?>
<!-- Generated by org.testng.reporters.JUnitReportReporter -->
<testsuite hostname="svb-win" failures="0" tests="1" name="com.mindtree.test.NewTest" time="27.181" errors="0" timestamp="1 Feb 2018 05:58:04 GMT">
  <testcase classname="com.mindtree.test.NewTest" name="creatCarPackage" time="27.181"/>
</testsuite> <!-- com.mindtree.test.NewTest -->
